c:\travail\quake3evr\baseq3a_quake3evr\build\win32-msvc\win32\debug_game\vc141.pdb
c:\travail\quake3evr\baseq3a_quake3evr\build\win32-msvc\win32\debug_game\vc141.idb
c:\travail\quake3evr\baseq3a_quake3evr\build\win32-msvc\win32\debug_game\g_misc.obj
c:\travail\quake3evr\baseq3a_quake3evr\build\win32-msvc\win32\debug_game\g_mem.obj
c:\travail\quake3evr\baseq3a_quake3evr\build\win32-msvc\win32\debug_game\g_main.obj
c:\travail\quake3evr\baseq3a_quake3evr\build\win32-msvc\win32\debug_game\g_items.obj
c:\travail\quake3evr\baseq3a_quake3evr\build\win32-msvc\win32\debug_game\g_combat.obj
c:\travail\quake3evr\baseq3a_quake3evr\build\win32-msvc\win32\debug_game\g_cmds.obj
c:\travail\quake3evr\baseq3a_quake3evr\build\win32-msvc\win32\debug_game\g_client.obj
c:\travail\quake3evr\baseq3a_quake3evr\build\win32-msvc\win32\debug_game\g_bot.obj
c:\travail\quake3evr\baseq3a_quake3evr\build\win32-msvc\win32\debug_game\g_arenas.obj
c:\travail\quake3evr\baseq3a_quake3evr\build\win32-msvc\win32\debug_game\g_active.obj
c:\travail\quake3evr\baseq3a_quake3evr\build\win32-msvc\win32\debug_game\bg_slidemove.obj
c:\travail\quake3evr\baseq3a_quake3evr\build\win32-msvc\win32\debug_game\bg_pmove.obj
c:\travail\quake3evr\baseq3a_quake3evr\build\win32-msvc\win32\debug_game\bg_misc.obj
c:\travail\quake3evr\baseq3a_quake3evr\build\win32-msvc\win32\debug_game\ai_vcmd.obj
c:\travail\quake3evr\baseq3a_quake3evr\build\win32-msvc\win32\debug_game\ai_team.obj
c:\travail\quake3evr\baseq3a_quake3evr\build\win32-msvc\win32\debug_game\ai_main.obj
c:\travail\quake3evr\baseq3a_quake3evr\build\win32-msvc\win32\debug_game\ai_dmq3.obj
c:\travail\quake3evr\baseq3a_quake3evr\build\win32-msvc\win32\debug_game\ai_dmnet.obj
c:\travail\quake3evr\baseq3a_quake3evr\build\win32-msvc\win32\debug_game\ai_cmd.obj
c:\travail\quake3evr\baseq3a_quake3evr\build\win32-msvc\win32\debug_game\ai_chat.obj
c:\travail\quake3evr\baseq3a_quake3evr\build\win32-msvc\win32\debug_game\q_shared.obj
c:\travail\quake3evr\baseq3a_quake3evr\build\win32-msvc\win32\debug_game\q_math.obj
c:\travail\quake3evr\baseq3a_quake3evr\build\win32-msvc\win32\debug_game\g_weapon.obj
c:\travail\quake3evr\baseq3a_quake3evr\build\win32-msvc\win32\debug_game\g_utils.obj
c:\travail\quake3evr\baseq3a_quake3evr\build\win32-msvc\win32\debug_game\g_unlagged.obj
c:\travail\quake3evr\baseq3a_quake3evr\build\win32-msvc\win32\debug_game\g_trigger.obj
c:\travail\quake3evr\baseq3a_quake3evr\build\win32-msvc\win32\debug_game\g_team.obj
c:\travail\quake3evr\baseq3a_quake3evr\build\win32-msvc\win32\debug_game\g_target.obj
c:\travail\quake3evr\baseq3a_quake3evr\build\win32-msvc\win32\debug_game\g_syscalls.obj
c:\travail\quake3evr\baseq3a_quake3evr\build\win32-msvc\win32\debug_game\g_svcmds.obj
c:\travail\quake3evr\baseq3a_quake3evr\build\win32-msvc\win32\debug_game\g_spawn.obj
c:\travail\quake3evr\baseq3a_quake3evr\build\win32-msvc\win32\debug_game\g_session.obj
c:\travail\quake3evr\baseq3a_quake3evr\build\win32-msvc\win32\debug_game\g_rotation.obj
c:\travail\quake3evr\baseq3a_quake3evr\build\win32-msvc\win32\debug_game\g_mover.obj
c:\travail\quake3evr\baseq3a_quake3evr\build\win32-msvc\win32\debug_game\g_missile.obj
c:\travail\quake3evr\baseq3a_quake3evr\build\win32-msvc\win32\debug\game.lib
c:\travail\quake3evr\baseq3a_quake3evr\build\win32-msvc\win32\debug\game.exp
c:\travail\quake3evr\baseq3a_quake3evr\build\win32-msvc\win32\debug\qagamex86.ilk
c:\travail\quake3evr\baseq3a_quake3evr\build\win32-msvc\win32\debug\qagamex86.dll
c:\travail\quake3evr\baseq3a_quake3evr\build\win32-msvc\win32\debug\game.pdb
c:\travail\quake3evr\baseq3a_quake3evr\build\win32-msvc\win32\debug_game\game.tlog\cl.command.1.tlog
c:\travail\quake3evr\baseq3a_quake3evr\build\win32-msvc\win32\debug_game\game.tlog\cl.read.1.tlog
c:\travail\quake3evr\baseq3a_quake3evr\build\win32-msvc\win32\debug_game\game.tlog\cl.write.1.tlog
c:\travail\quake3evr\baseq3a_quake3evr\build\win32-msvc\win32\debug_game\game.tlog\game.write.1u.tlog
c:\travail\quake3evr\baseq3a_quake3evr\build\win32-msvc\win32\debug_game\game.tlog\link.command.1.tlog
c:\travail\quake3evr\baseq3a_quake3evr\build\win32-msvc\win32\debug_game\game.tlog\link.read.1.tlog
c:\travail\quake3evr\baseq3a_quake3evr\build\win32-msvc\win32\debug_game\game.tlog\link.write.1.tlog
