c:\travail\quake3evr\baseq3a_quake3evr\build\win32-msvc\win32\debug_q3_ui\vc141.pdb
c:\travail\quake3evr\baseq3a_quake3evr\build\win32-msvc\win32\debug_q3_ui\vc141.idb
c:\travail\quake3evr\baseq3a_quake3evr\build\win32-msvc\win32\debug_q3_ui\ui_menu.obj
c:\travail\quake3evr\baseq3a_quake3evr\build\win32-msvc\win32\debug_q3_ui\ui_main.obj
c:\travail\quake3evr\baseq3a_quake3evr\build\win32-msvc\win32\debug_q3_ui\ui_loadconfig.obj
c:\travail\quake3evr\baseq3a_quake3evr\build\win32-msvc\win32\debug_q3_ui\ui_ingame.obj
c:\travail\quake3evr\baseq3a_quake3evr\build\win32-msvc\win32\debug_q3_ui\ui_hudinfo.obj
c:\travail\quake3evr\baseq3a_quake3evr\build\win32-msvc\win32\debug_q3_ui\ui_gameinfo.obj
c:\travail\quake3evr\baseq3a_quake3evr\build\win32-msvc\win32\debug_q3_ui\ui_display.obj
c:\travail\quake3evr\baseq3a_quake3evr\build\win32-msvc\win32\debug_q3_ui\ui_demo2.obj
c:\travail\quake3evr\baseq3a_quake3evr\build\win32-msvc\win32\debug_q3_ui\ui_credits.obj
c:\travail\quake3evr\baseq3a_quake3evr\build\win32-msvc\win32\debug_q3_ui\ui_controls2.obj
c:\travail\quake3evr\baseq3a_quake3evr\build\win32-msvc\win32\debug_q3_ui\ui_connect.obj
c:\travail\quake3evr\baseq3a_quake3evr\build\win32-msvc\win32\debug_q3_ui\ui_confirm.obj
c:\travail\quake3evr\baseq3a_quake3evr\build\win32-msvc\win32\debug_q3_ui\ui_cinematics.obj
c:\travail\quake3evr\baseq3a_quake3evr\build\win32-msvc\win32\debug_q3_ui\ui_cdkey.obj
c:\travail\quake3evr\baseq3a_quake3evr\build\win32-msvc\win32\debug_q3_ui\ui_atoms.obj
c:\travail\quake3evr\baseq3a_quake3evr\build\win32-msvc\win32\debug_q3_ui\ui_addbots.obj
c:\travail\quake3evr\baseq3a_quake3evr\build\win32-msvc\win32\debug_q3_ui\q_shared.obj
c:\travail\quake3evr\baseq3a_quake3evr\build\win32-msvc\win32\debug_q3_ui\q_math.obj
c:\travail\quake3evr\baseq3a_quake3evr\build\win32-msvc\win32\debug_q3_ui\bg_misc.obj
c:\travail\quake3evr\baseq3a_quake3evr\build\win32-msvc\win32\debug_q3_ui\bg_lib.obj
c:\travail\quake3evr\baseq3a_quake3evr\build\win32-msvc\win32\debug_q3_ui\ui_sppostgame.obj
c:\travail\quake3evr\baseq3a_quake3evr\build\win32-msvc\win32\debug_q3_ui\ui_splevel.obj
c:\travail\quake3evr\baseq3a_quake3evr\build\win32-msvc\win32\debug_q3_ui\ui_specifyserver.obj
c:\travail\quake3evr\baseq3a_quake3evr\build\win32-msvc\win32\debug_q3_ui\ui_sparena.obj
c:\travail\quake3evr\baseq3a_quake3evr\build\win32-msvc\win32\debug_q3_ui\ui_sound.obj
c:\travail\quake3evr\baseq3a_quake3evr\build\win32-msvc\win32\debug_q3_ui\ui_setup.obj
c:\travail\quake3evr\baseq3a_quake3evr\build\win32-msvc\win32\debug_q3_ui\ui_servers2.obj
c:\travail\quake3evr\baseq3a_quake3evr\build\win32-msvc\win32\debug_q3_ui\ui_serverinfo.obj
c:\travail\quake3evr\baseq3a_quake3evr\build\win32-msvc\win32\debug_q3_ui\ui_selecthud.obj
c:\travail\quake3evr\baseq3a_quake3evr\build\win32-msvc\win32\debug_q3_ui\ui_saveconfig.obj
c:\travail\quake3evr\baseq3a_quake3evr\build\win32-msvc\win32\debug_q3_ui\ui_removebots.obj
c:\travail\quake3evr\baseq3a_quake3evr\build\win32-msvc\win32\debug_q3_ui\ui_qmenu.obj
c:\travail\quake3evr\baseq3a_quake3evr\build\win32-msvc\win32\debug_q3_ui\ui_preferences.obj
c:\travail\quake3evr\baseq3a_quake3evr\build\win32-msvc\win32\debug_q3_ui\ui_playersettings.obj
c:\travail\quake3evr\baseq3a_quake3evr\build\win32-msvc\win32\debug_q3_ui\ui_players.obj
c:\travail\quake3evr\baseq3a_quake3evr\build\win32-msvc\win32\debug_q3_ui\ui_playermodel.obj
c:\travail\quake3evr\baseq3a_quake3evr\build\win32-msvc\win32\debug_q3_ui\ui_options.obj
c:\travail\quake3evr\baseq3a_quake3evr\build\win32-msvc\win32\debug_q3_ui\ui_network.obj
c:\travail\quake3evr\baseq3a_quake3evr\build\win32-msvc\win32\debug_q3_ui\ui_mods.obj
c:\travail\quake3evr\baseq3a_quake3evr\build\win32-msvc\win32\debug_q3_ui\ui_mfield.obj
c:\travail\quake3evr\baseq3a_quake3evr\build\win32-msvc\win32\debug_q3_ui\ui_vrconf.obj
c:\travail\quake3evr\baseq3a_quake3evr\build\win32-msvc\win32\debug_q3_ui\ui_video.obj
c:\travail\quake3evr\baseq3a_quake3evr\build\win32-msvc\win32\debug_q3_ui\ui_teamorders.obj
c:\travail\quake3evr\baseq3a_quake3evr\build\win32-msvc\win32\debug_q3_ui\ui_team.obj
c:\travail\quake3evr\baseq3a_quake3evr\build\win32-msvc\win32\debug_q3_ui\ui_syscalls.obj
c:\travail\quake3evr\baseq3a_quake3evr\build\win32-msvc\win32\debug_q3_ui\ui_startserver.obj
c:\travail\quake3evr\baseq3a_quake3evr\build\win32-msvc\win32\debug_q3_ui\ui_spskill.obj
c:\travail\quake3evr\baseq3a_quake3evr\build\win32-msvc\win32\debug_q3_ui\ui_spreset.obj
c:\travail\quake3evr\baseq3a_quake3evr\build\win32-msvc\win32\debug\uix86.ilk
c:\travail\quake3evr\baseq3a_quake3evr\build\win32-msvc\win32\debug\uix86.dll
c:\travail\quake3evr\baseq3a_quake3evr\build\win32-msvc\win32\debug\q3_ui.pdb
c:\travail\quake3evr\baseq3a_quake3evr\build\win32-msvc\win32\debug\q3_ui.lib
c:\travail\quake3evr\baseq3a_quake3evr\build\win32-msvc\win32\debug\q3_ui.exp
c:\travail\quake3evr\baseq3a_quake3evr\build\win32-msvc\win32\debug_q3_ui\q3_ui.tlog\cl.command.1.tlog
c:\travail\quake3evr\baseq3a_quake3evr\build\win32-msvc\win32\debug_q3_ui\q3_ui.tlog\cl.read.1.tlog
c:\travail\quake3evr\baseq3a_quake3evr\build\win32-msvc\win32\debug_q3_ui\q3_ui.tlog\cl.write.1.tlog
c:\travail\quake3evr\baseq3a_quake3evr\build\win32-msvc\win32\debug_q3_ui\q3_ui.tlog\link.command.1.tlog
c:\travail\quake3evr\baseq3a_quake3evr\build\win32-msvc\win32\debug_q3_ui\q3_ui.tlog\link.read.1.tlog
c:\travail\quake3evr\baseq3a_quake3evr\build\win32-msvc\win32\debug_q3_ui\q3_ui.tlog\link.write.1.tlog
c:\travail\quake3evr\baseq3a_quake3evr\build\win32-msvc\win32\debug_q3_ui\q3_ui.tlog\q3_ui.write.1u.tlog
