c:\travail\quake3evr\baseq3a_quake3evr\build\win32-msvc\win32\debug\cgame.lib
c:\travail\quake3evr\baseq3a_quake3evr\build\win32-msvc\win32\debug\cgame.exp
c:\travail\quake3evr\baseq3a_quake3evr\build\win32-msvc\win32\debug_cgame\vc141.pdb
c:\travail\quake3evr\baseq3a_quake3evr\build\win32-msvc\win32\debug_cgame\vc141.idb
c:\travail\quake3evr\baseq3a_quake3evr\build\win32-msvc\win32\debug_cgame\cg_view.obj
c:\travail\quake3evr\baseq3a_quake3evr\build\win32-msvc\win32\debug_cgame\cg_syscalls.obj
c:\travail\quake3evr\baseq3a_quake3evr\build\win32-msvc\win32\debug_cgame\cg_snapshot.obj
c:\travail\quake3evr\baseq3a_quake3evr\build\win32-msvc\win32\debug_cgame\cg_servercmds.obj
c:\travail\quake3evr\baseq3a_quake3evr\build\win32-msvc\win32\debug_cgame\cg_scoreboard.obj
c:\travail\quake3evr\baseq3a_quake3evr\build\win32-msvc\win32\debug_cgame\cg_predict.obj
c:\travail\quake3evr\baseq3a_quake3evr\build\win32-msvc\win32\debug_cgame\cg_playerstate.obj
c:\travail\quake3evr\baseq3a_quake3evr\build\win32-msvc\win32\debug_cgame\cg_players.obj
c:\travail\quake3evr\baseq3a_quake3evr\build\win32-msvc\win32\debug_cgame\cg_parsehud.obj
c:\travail\quake3evr\baseq3a_quake3evr\build\win32-msvc\win32\debug_cgame\cg_drawhud.obj
c:\travail\quake3evr\baseq3a_quake3evr\build\win32-msvc\win32\debug_cgame\cg_marks.obj
c:\travail\quake3evr\baseq3a_quake3evr\build\win32-msvc\win32\debug_cgame\cg_main.obj
c:\travail\quake3evr\baseq3a_quake3evr\build\win32-msvc\win32\debug_cgame\cg_localents.obj
c:\travail\quake3evr\baseq3a_quake3evr\build\win32-msvc\win32\debug_cgame\cg_info.obj
c:\travail\quake3evr\baseq3a_quake3evr\build\win32-msvc\win32\debug_cgame\cg_event.obj
c:\travail\quake3evr\baseq3a_quake3evr\build\win32-msvc\win32\debug_cgame\cg_ents.obj
c:\travail\quake3evr\baseq3a_quake3evr\build\win32-msvc\win32\debug_cgame\cg_effects.obj
c:\travail\quake3evr\baseq3a_quake3evr\build\win32-msvc\win32\debug_cgame\cg_drawtools.obj
c:\travail\quake3evr\baseq3a_quake3evr\build\win32-msvc\win32\debug_cgame\cg_draw.obj
c:\travail\quake3evr\baseq3a_quake3evr\build\win32-msvc\win32\debug_cgame\cg_consolecmds.obj
c:\travail\quake3evr\baseq3a_quake3evr\build\win32-msvc\win32\debug_cgame\q_shared.obj
c:\travail\quake3evr\baseq3a_quake3evr\build\win32-msvc\win32\debug_cgame\q_math.obj
c:\travail\quake3evr\baseq3a_quake3evr\build\win32-msvc\win32\debug_cgame\bg_slidemove.obj
c:\travail\quake3evr\baseq3a_quake3evr\build\win32-msvc\win32\debug_cgame\bg_pmove.obj
c:\travail\quake3evr\baseq3a_quake3evr\build\win32-msvc\win32\debug_cgame\bg_misc.obj
c:\travail\quake3evr\baseq3a_quake3evr\build\win32-msvc\win32\debug_cgame\bg_lib.obj
c:\travail\quake3evr\baseq3a_quake3evr\build\win32-msvc\win32\debug_cgame\vr_helper.obj
c:\travail\quake3evr\baseq3a_quake3evr\build\win32-msvc\win32\debug_cgame\cg_weapons.obj
c:\travail\quake3evr\baseq3a_quake3evr\build\win32-msvc\win32\debug_cgame\cg_vrmod.obj
c:\travail\quake3evr\baseq3a_quake3evr\build\win32-msvc\win32\debug\cgamex86.ilk
c:\travail\quake3evr\baseq3a_quake3evr\build\win32-msvc\win32\debug\cgamex86.dll
c:\travail\quake3evr\baseq3a_quake3evr\build\win32-msvc\win32\debug\cgame.pdb
c:\travail\quake3evr\baseq3a_quake3evr\build\win32-msvc\win32\debug_cgame\cgame.tlog\cgame.write.1u.tlog
c:\travail\quake3evr\baseq3a_quake3evr\build\win32-msvc\win32\debug_cgame\cgame.tlog\cl.command.1.tlog
c:\travail\quake3evr\baseq3a_quake3evr\build\win32-msvc\win32\debug_cgame\cgame.tlog\cl.read.1.tlog
c:\travail\quake3evr\baseq3a_quake3evr\build\win32-msvc\win32\debug_cgame\cgame.tlog\cl.write.1.tlog
c:\travail\quake3evr\baseq3a_quake3evr\build\win32-msvc\win32\debug_cgame\cgame.tlog\link.command.1.tlog
c:\travail\quake3evr\baseq3a_quake3evr\build\win32-msvc\win32\debug_cgame\cgame.tlog\link.read.1.tlog
c:\travail\quake3evr\baseq3a_quake3evr\build\win32-msvc\win32\debug_cgame\cgame.tlog\link.write.1.tlog
